# JRE version: Java(TM) SE Runtime Environment (8.0_51-b16) (build 1.8.0_51-b16)
# Java VM: Java HotSpot(TM) 64-Bit Server VM (25.51-b03 mixed mode windows-amd64 compressed oops)
Heap:
 PSYoungGen      total 16896K, used 7899K [0x00000000eb300000, 0x00000000ec680000, 0x0000000100000000)
  eden space 14848K, 49% used [0x00000000eb300000,0x00000000eba2a7e0,0x00000000ec180000)
  from space 2048K, 27% used [0x00000000ec480000,0x00000000ec50c5b8,0x00000000ec680000)
  to   space 2560K, 0% used [0x00000000ec180000,0x00000000ec180000,0x00000000ec400000)
 ParOldGen       total 35328K, used 14669K [0x00000000c1800000, 0x00000000c3a80000, 0x00000000eb300000)
  object space 35328K, 41% used [0x00000000c1800000,0x00000000c26534f0,0x00000000c3a80000)
 Metaspace       used 22546K, capacity 22796K, committed 22960K, reserved 1069056K
  class space    used 2668K, capacity 2747K, committed 2816K, reserved 1048576K
GC Heap History (10 events):
Event: 164.884 GC heap before
{Heap before GC invocations=35 (full 1):
 PSYoungGen      total 18432K, used 15528K [0x00000000eb300000, 0x00000000ec880000, 0x0000000100000000)
  eden space 14848K, 100% used [0x00000000eb300000,0x00000000ec180000,0x00000000ec180000)
  from space 3584K, 18% used [0x00000000ec180000,0x00000000ec22a3a8,0x00000000ec500000)
  to   space 3584K, 0% used [0x00000000ec500000,0x00000000ec500000,0x00000000ec880000)
 ParOldGen       total 35328K, used 14525K [0x00000000c1800000, 0x00000000c3a80000, 0x00000000eb300000)
  object space 35328K, 41% used [0x00000000c1800000,0x00000000c262f4f0,0x00000000c3a80000)
 Metaspace       used 22445K, capacity 22732K, committed 22960K, reserved 1069056K
  class space    used 2658K, capacity 2747K, committed 2816K, reserved 1048576K
Event: 164.886 GC heap after
Heap after GC invocations=35 (full 1):
 PSYoungGen      total 17408K, used 663K [0x00000000eb300000, 0x00000000ec780000, 0x0000000100000000)
  eden space 14848K, 0% used [0x00000000eb300000,0x00000000eb300000,0x00000000ec180000)
  from space 2560K, 25% used [0x00000000ec500000,0x00000000ec5a5db0,0x00000000ec780000)
  to   space 3072K, 0% used [0x00000000ec180000,0x00000000ec180000,0x00000000ec480000)
 ParOldGen       total 35328K, used 14557K [0x00000000c1800000, 0x00000000c3a80000, 0x00000000eb300000)
  object space 35328K, 41% used [0x00000000c1800000,0x00000000c26374f0,0x00000000c3a80000)
 Metaspace       used 22445K, capacity 22732K, committed 22960K, reserved 1069056K
  class space    used 2658K, capacity 2747K, committed 2816K, reserved 1048576K
}
Event: 179.474 GC heap before
{Heap before GC invocations=36 (full 1):
 PSYoungGen      total 17408K, used 15310K [0x00000000eb300000, 0x00000000ec780000, 0x0000000100000000)
  eden space 14848K, 98% used [0x00000000eb300000,0x00000000ec14dad8,0x00000000ec180000)
  from space 2560K, 25% used [0x00000000ec500000,0x00000000ec5a5db0,0x00000000ec780000)
  to   space 3072K, 0% used [0x00000000ec180000,0x00000000ec180000,0x00000000ec480000)
 ParOldGen       total 35328K, used 14557K [0x00000000c1800000, 0x00000000c3a80000, 0x00000000eb300000)
  object space 35328K, 41% used [0x00000000c1800000,0x00000000c26374f0,0x00000000c3a80000)
 Metaspace       used 22447K, capacity 22732K, committed 22960K, reserved 1069056K
  class space    used 2658K, capacity 2747K, committed 2816K, reserved 1048576K
Event: 179.476 GC heap after
Heap after GC invocations=36 (full 1):
 PSYoungGen      total 17920K, used 641K [0x00000000eb300000, 0x00000000ec780000, 0x0000000100000000)
  eden space 14848K, 0% used [0x00000000eb300000,0x00000000eb300000,0x00000000ec180000)
  from space 3072K, 20% used [0x00000000ec180000,0x00000000ec2205c8,0x00000000ec480000)
  to   space 3072K, 0% used [0x00000000ec480000,0x00000000ec480000,0x00000000ec780000)
 ParOldGen       total 35328K, used 14589K [0x00000000c1800000, 0x00000000c3a80000, 0x00000000eb300000)
  object space 35328K, 41% used [0x00000000c1800000,0x00000000c263f4f0,0x00000000c3a80000)
 Metaspace       used 22447K, capacity 22732K, committed 22960K, reserved 1069056K
  class space    used 2658K, capacity 2747K, committed 2816K, reserved 1048576K
}
Event: 186.274 GC heap before
{Heap before GC invocations=37 (full 1):
 PSYoungGen      total 17920K, used 15489K [0x00000000eb300000, 0x00000000ec780000, 0x0000000100000000)
  eden space 14848K, 100% used [0x00000000eb300000,0x00000000ec180000,0x00000000ec180000)
  from space 3072K, 20% used [0x00000000ec180000,0x00000000ec2205c8,0x00000000ec480000)
  to   space 3072K, 0% used [0x00000000ec480000,0x00000000ec480000,0x00000000ec780000)
 ParOldGen       total 35328K, used 14589K [0x00000000c1800000, 0x00000000c3a80000, 0x00000000eb300000)
  object space 35328K, 41% used [0x00000000c1800000,0x00000000c263f4f0,0x00000000c3a80000)
 Metaspace       used 22451K, capacity 22732K, committed 22960K, reserved 1069056K
  class space    used 2658K, capacity 2747K, committed 2816K, reserved 1048576K
Event: 186.276 GC heap after
Heap after GC invocations=37 (full 1):
 PSYoungGen      total 17920K, used 545K [0x00000000eb300000, 0x00000000ec780000, 0x0000000100000000)
  eden space 14848K, 0% used [0x00000000eb300000,0x00000000eb300000,0x00000000ec180000)
  from space 3072K, 17% used [0x00000000ec480000,0x00000000ec5085c8,0x00000000ec780000)
  to   space 3072K, 0% used [0x00000000ec180000,0x00000000ec180000,0x00000000ec480000)
 ParOldGen       total 35328K, used 14621K [0x00000000c1800000, 0x00000000c3a80000, 0x00000000eb300000)
  object space 35328K, 41% used [0x00000000c1800000,0x00000000c26474f0,0x00000000c3a80000)
 Metaspace       used 22451K, capacity 22732K, committed 22960K, reserved 1069056K
  class space    used 2658K, capacity 2747K, committed 2816K, reserved 1048576K
}
Event: 198.831 GC heap before
{Heap before GC invocations=38 (full 1):
 PSYoungGen      total 17920K, used 15393K [0x00000000eb300000, 0x00000000ec780000, 0x0000000100000000)
  eden space 14848K, 100% used [0x00000000eb300000,0x00000000ec180000,0x00000000ec180000)
  from space 3072K, 17% used [0x00000000ec480000,0x00000000ec5085c8,0x00000000ec780000)
  to   space 3072K, 0% used [0x00000000ec180000,0x00000000ec180000,0x00000000ec480000)
 ParOldGen       total 35328K, used 14621K [0x00000000c1800000, 0x00000000c3a80000, 0x00000000eb300000)
  object space 35328K, 41% used [0x00000000c1800000,0x00000000c26474f0,0x00000000c3a80000)
 Metaspace       used 22451K, capacity 22732K, committed 22960K, reserved 1069056K
  class space    used 2658K, capacity 2747K, committed 2816K, reserved 1048576K
Event: 198.833 GC heap after
Heap after GC invocations=38 (full 1):
 PSYoungGen      total 17920K, used 992K [0x00000000eb300000, 0x00000000ec780000, 0x0000000100000000)
  eden space 14848K, 0% used [0x00000000eb300000,0x00000000eb300000,0x00000000ec180000)
  from space 3072K, 32% used [0x00000000ec180000,0x00000000ec2783e0,0x00000000ec480000)
  to   space 3072K, 0% used [0x00000000ec480000,0x00000000ec480000,0x00000000ec780000)
 ParOldGen       total 35328K, used 14645K [0x00000000c1800000, 0x00000000c3a80000, 0x00000000eb300000)
  object space 35328K, 41% used [0x00000000c1800000,0x00000000c264d4f0,0x00000000c3a80000)
 Metaspace       used 22451K, capacity 22732K, committed 22960K, reserved 1069056K
  class space    used 2658K, capacity 2747K, committed 2816K, reserved 1048576K
}
Event: 202.574 GC heap before
{Heap before GC invocations=39 (full 1):
 PSYoungGen      total 17920K, used 15783K [0x00000000eb300000, 0x00000000ec780000, 0x0000000100000000)
  eden space 14848K, 99% used [0x00000000eb300000,0x00000000ec1718e8,0x00000000ec180000)
  from space 3072K, 32% used [0x00000000ec180000,0x00000000ec2783e0,0x00000000ec480000)
  to   space 3072K, 0% used [0x00000000ec480000,0x00000000ec480000,0x00000000ec780000)
 ParOldGen       total 35328K, used 14645K [0x00000000c1800000, 0x00000000c3a80000, 0x00000000eb300000)
  object space 35328K, 41% used [0x00000000c1800000,0x00000000c264d4f0,0x00000000c3a80000)
 Metaspace       used 22451K, capacity 22732K, committed 22960K, reserved 1069056K
  class space    used 2658K, capacity 2747K, committed 2816K, reserved 1048576K
Event: 202.578 GC heap after
Heap after GC invocations=39 (full 1):
 PSYoungGen      total 16896K, used 561K [0x00000000eb300000, 0x00000000ec680000, 0x0000000100000000)
  eden space 14848K, 0% used [0x00000000eb300000,0x00000000eb300000,0x00000000ec180000)
  from space 2048K, 27% used [0x00000000ec480000,0x00000000ec50c5b8,0x00000000ec680000)
  to   space 2560K, 0% used [0x00000000ec180000,0x00000000ec180000,0x00000000ec400000)
 ParOldGen       total 35328K, used 14669K [0x00000000c1800000, 0x00000000c3a80000, 0x00000000eb300000)
  object space 35328K, 41% used [0x00000000c1800000,0x00000000c26534f0,0x00000000c3a80000)
 Metaspace       used 22451K, capacity 22732K, committed 22960K, reserved 1069056K
  class space    used 2658K, capacity 2747K, committed 2816K, reserved 1048576K
}

