# JRE version: Java(TM) SE Runtime Environment (8.0_51-b16) (build 1.8.0_51-b16)
# Java VM: Java HotSpot(TM) 64-Bit Server VM (25.51-b03 mixed mode windows-amd64 compressed oops)
Heap:
 PSYoungGen      total 74240K, used 24730K [0x00000000eb300000, 0x00000000f0400000, 0x0000000100000000)
  eden space 65536K, 37% used [0x00000000eb300000,0x00000000ecb26b50,0x00000000ef300000)
  from space 8704K, 0% used [0x00000000efb80000,0x00000000efb80000,0x00000000f0400000)
  to   space 8704K, 0% used [0x00000000ef300000,0x00000000ef300000,0x00000000efb80000)
 ParOldGen       total 35840K, used 9353K [0x00000000c1800000, 0x00000000c3b00000, 0x00000000eb300000)
  object space 35840K, 26% used [0x00000000c1800000,0x00000000c2122630,0x00000000c3b00000)
 Metaspace       used 21470K, capacity 21740K, committed 21936K, reserved 1069056K
  class space    used 2643K, capacity 2715K, committed 2816K, reserved 1048576K
GC Heap History (10 events):
Event: 0.980 GC heap before
{Heap before GC invocations=3 (full 0):
 PSYoungGen      total 18944K, used 18920K [0x00000000eb300000, 0x00000000ed800000, 0x0000000100000000)
  eden space 16384K, 100% used [0x00000000eb300000,0x00000000ec300000,0x00000000ec300000)
  from space 2560K, 99% used [0x00000000ec580000,0x00000000ec7fa030,0x00000000ec800000)
  to   space 2560K, 0% used [0x00000000ec300000,0x00000000ec300000,0x00000000ec580000)
 ParOldGen       total 44032K, used 3024K [0x00000000c1800000, 0x00000000c4300000, 0x00000000eb300000)
  object space 44032K, 6% used [0x00000000c1800000,0x00000000c1af4368,0x00000000c4300000)
 Metaspace       used 12907K, capacity 13006K, committed 13056K, reserved 1060864K
  class space    used 1518K, capacity 1531K, committed 1536K, reserved 1048576K
Event: 0.986 GC heap after
Heap after GC invocations=3 (full 0):
 PSYoungGen      total 18944K, used 2551K [0x00000000eb300000, 0x00000000ed800000, 0x0000000100000000)
  eden space 16384K, 0% used [0x00000000eb300000,0x00000000eb300000,0x00000000ec300000)
  from space 2560K, 99% used [0x00000000ec300000,0x00000000ec57ddd8,0x00000000ec580000)
  to   space 2560K, 0% used [0x00000000ed580000,0x00000000ed580000,0x00000000ed800000)
 ParOldGen       total 44032K, used 6692K [0x00000000c1800000, 0x00000000c4300000, 0x00000000eb300000)
  object space 44032K, 15% used [0x00000000c1800000,0x00000000c1e890a8,0x00000000c4300000)
 Metaspace       used 12907K, capacity 13006K, committed 13056K, reserved 1060864K
  class space    used 1518K, capacity 1531K, committed 1536K, reserved 1048576K
}
Event: 1.228 GC heap before
{Heap before GC invocations=4 (full 0):
 PSYoungGen      total 18944K, used 18935K [0x00000000eb300000, 0x00000000ed800000, 0x0000000100000000)
  eden space 16384K, 100% used [0x00000000eb300000,0x00000000ec300000,0x00000000ec300000)
  from space 2560K, 99% used [0x00000000ec300000,0x00000000ec57ddd8,0x00000000ec580000)
  to   space 2560K, 0% used [0x00000000ed580000,0x00000000ed580000,0x00000000ed800000)
 ParOldGen       total 44032K, used 6692K [0x00000000c1800000, 0x00000000c4300000, 0x00000000eb300000)
  object space 44032K, 15% used [0x00000000c1800000,0x00000000c1e890a8,0x00000000c4300000)
 Metaspace       used 15245K, capacity 15378K, committed 15488K, reserved 1062912K
  class space    used 1857K, capacity 1889K, committed 1920K, reserved 1048576K
Event: 1.234 GC heap after
Heap after GC invocations=4 (full 0):
 PSYoungGen      total 35328K, used 2531K [0x00000000eb300000, 0x00000000ed800000, 0x0000000100000000)
  eden space 32768K, 0% used [0x00000000eb300000,0x00000000eb300000,0x00000000ed300000)
  from space 2560K, 98% used [0x00000000ed580000,0x00000000ed7f8f48,0x00000000ed800000)
  to   space 2560K, 0% used [0x00000000ed300000,0x00000000ed300000,0x00000000ed580000)
 ParOldGen       total 44032K, used 9537K [0x00000000c1800000, 0x00000000c4300000, 0x00000000eb300000)
  object space 44032K, 21% used [0x00000000c1800000,0x00000000c2150748,0x00000000c4300000)
 Metaspace       used 15245K, capacity 15378K, committed 15488K, reserved 1062912K
  class space    used 1857K, capacity 1889K, committed 1920K, reserved 1048576K
}
Event: 7.571 GC heap before
{Heap before GC invocations=5 (full 0):
 PSYoungGen      total 35328K, used 35299K [0x00000000eb300000, 0x00000000ed800000, 0x0000000100000000)
  eden space 32768K, 100% used [0x00000000eb300000,0x00000000ed300000,0x00000000ed300000)
  from space 2560K, 98% used [0x00000000ed580000,0x00000000ed7f8f48,0x00000000ed800000)
  to   space 2560K, 0% used [0x00000000ed300000,0x00000000ed300000,0x00000000ed580000)
 ParOldGen       total 44032K, used 9537K [0x00000000c1800000, 0x00000000c4300000, 0x00000000eb300000)
  object space 44032K, 21% used [0x00000000c1800000,0x00000000c2150748,0x00000000c4300000)
 Metaspace       used 20911K, capacity 21172K, committed 21296K, reserved 1069056K
  class space    used 2613K, capacity 2679K, committed 2688K, reserved 1048576K
Event: 7.584 GC heap after
Heap after GC invocations=5 (full 0):
 PSYoungGen      total 35328K, used 2536K [0x00000000eb300000, 0x00000000f0400000, 0x0000000100000000)
  eden space 32768K, 0% used [0x00000000eb300000,0x00000000eb300000,0x00000000ed300000)
  from space 2560K, 99% used [0x00000000ed300000,0x00000000ed57a1f8,0x00000000ed580000)
  to   space 8704K, 0% used [0x00000000efb80000,0x00000000efb80000,0x00000000f0400000)
 ParOldGen       total 44032K, used 15206K [0x00000000c1800000, 0x00000000c4300000, 0x00000000eb300000)
  object space 44032K, 34% used [0x00000000c1800000,0x00000000c26d9b80,0x00000000c4300000)
 Metaspace       used 20911K, capacity 21172K, committed 21296K, reserved 1069056K
  class space    used 2613K, capacity 2679K, committed 2688K, reserved 1048576K
}
Event: 7.906 GC heap before
{Heap before GC invocations=6 (full 0):
 PSYoungGen      total 35328K, used 4647K [0x00000000eb300000, 0x00000000f0400000, 0x0000000100000000)
  eden space 32768K, 6% used [0x00000000eb300000,0x00000000eb50fb70,0x00000000ed300000)
  from space 2560K, 99% used [0x00000000ed300000,0x00000000ed57a1f8,0x00000000ed580000)
  to   space 8704K, 0% used [0x00000000efb80000,0x00000000efb80000,0x00000000f0400000)
 ParOldGen       total 44032K, used 15206K [0x00000000c1800000, 0x00000000c4300000, 0x00000000eb300000)
  object space 44032K, 34% used [0x00000000c1800000,0x00000000c26d9b80,0x00000000c4300000)
 Metaspace       used 20939K, capacity 21178K, committed 21296K, reserved 1069056K
  class space    used 2616K, capacity 2680K, committed 2688K, reserved 1048576K
Event: 7.913 GC heap after
Heap after GC invocations=6 (full 0):
 PSYoungGen      total 74240K, used 2724K [0x00000000eb300000, 0x00000000f0400000, 0x0000000100000000)
  eden space 65536K, 0% used [0x00000000eb300000,0x00000000eb300000,0x00000000ef300000)
  from space 8704K, 31% used [0x00000000efb80000,0x00000000efe290b0,0x00000000f0400000)
  to   space 8704K, 0% used [0x00000000ef300000,0x00000000ef300000,0x00000000efb80000)
 ParOldGen       total 44032K, used 15206K [0x00000000c1800000, 0x00000000c4300000, 0x00000000eb300000)
  object space 44032K, 34% used [0x00000000c1800000,0x00000000c26d9b80,0x00000000c4300000)
 Metaspace       used 20939K, capacity 21178K, committed 21296K, reserved 1069056K
  class space    used 2616K, capacity 2680K, committed 2688K, reserved 1048576K
}
Event: 7.913 GC heap before
{Heap before GC invocations=7 (full 1):
 PSYoungGen      total 74240K, used 2724K [0x00000000eb300000, 0x00000000f0400000, 0x0000000100000000)
  eden space 65536K, 0% used [0x00000000eb300000,0x00000000eb300000,0x00000000ef300000)
  from space 8704K, 31% used [0x00000000efb80000,0x00000000efe290b0,0x00000000f0400000)
  to   space 8704K, 0% used [0x00000000ef300000,0x00000000ef300000,0x00000000efb80000)
 ParOldGen       total 44032K, used 15206K [0x00000000c1800000, 0x00000000c4300000, 0x00000000eb300000)
  object space 44032K, 34% used [0x00000000c1800000,0x00000000c26d9b80,0x00000000c4300000)
 Metaspace       used 20939K, capacity 21178K, committed 21296K, reserved 1069056K
  class space    used 2616K, capacity 2680K, committed 2688K, reserved 1048576K
Event: 7.958 GC heap after
Heap after GC invocations=7 (full 1):
 PSYoungGen      total 74240K, used 0K [0x00000000eb300000, 0x00000000f0400000, 0x0000000100000000)
  eden space 65536K, 0% used [0x00000000eb300000,0x00000000eb300000,0x00000000ef300000)
  from space 8704K, 0% used [0x00000000efb80000,0x00000000efb80000,0x00000000f0400000)
  to   space 8704K, 0% used [0x00000000ef300000,0x00000000ef300000,0x00000000efb80000)
 ParOldGen       total 35840K, used 9353K [0x00000000c1800000, 0x00000000c3b00000, 0x00000000eb300000)
  object space 35840K, 26% used [0x00000000c1800000,0x00000000c2122630,0x00000000c3b00000)
 Metaspace       used 20939K, capacity 21178K, committed 21296K, reserved 1069056K
  class space    used 2616K, capacity 2680K, committed 2688K, reserved 1048576K
}

