# JRE version: Java(TM) SE Runtime Environment (8.0_51-b16) (build 1.8.0_51-b16)
# Java VM: Java HotSpot(TM) 64-Bit Server VM (25.51-b03 mixed mode windows-amd64 compressed oops)
Heap:
 PSYoungGen      total 16384K, used 10604K [0x00000000eb300000, 0x00000000ece00000, 0x0000000100000000)
  eden space 15360K, 65% used [0x00000000eb300000,0x00000000ebcc0d70,0x00000000ec200000)
  from space 1024K, 60% used [0x00000000ec200000,0x00000000ec29a398,0x00000000ec300000)
  to   space 6144K, 0% used [0x00000000ec800000,0x00000000ec800000,0x00000000ece00000)
 ParOldGen       total 35328K, used 13921K [0x00000000c1800000, 0x00000000c3a80000, 0x00000000eb300000)
  object space 35328K, 39% used [0x00000000c1800000,0x00000000c25985e0,0x00000000c3a80000)
 Metaspace       used 22203K, capacity 22476K, committed 22704K, reserved 1069056K
  class space    used 2658K, capacity 2747K, committed 2816K, reserved 1048576K
GC Heap History (10 events):
Event: 72.863 GC heap before
{Heap before GC invocations=20 (full 1):
 PSYoungGen      total 22528K, used 15943K [0x00000000eb300000, 0x00000000ed100000, 0x0000000100000000)
  eden space 15360K, 100% used [0x00000000eb300000,0x00000000ec200000,0x00000000ec200000)
  from space 7168K, 8% used [0x00000000eca00000,0x00000000eca91ef0,0x00000000ed100000)
  to   space 7680K, 0% used [0x00000000ec200000,0x00000000ec200000,0x00000000ec980000)
 ParOldGen       total 35328K, used 13913K [0x00000000c1800000, 0x00000000c3a80000, 0x00000000eb300000)
  object space 35328K, 39% used [0x00000000c1800000,0x00000000c25965e0,0x00000000c3a80000)
 Metaspace       used 22063K, capacity 22348K, committed 22704K, reserved 1069056K
  class space    used 2654K, capacity 2747K, committed 2816K, reserved 1048576K
Event: 72.865 GC heap after
Heap after GC invocations=20 (full 1):
 PSYoungGen      total 23040K, used 789K [0x00000000eb300000, 0x00000000ed100000, 0x0000000100000000)
  eden space 15360K, 0% used [0x00000000eb300000,0x00000000eb300000,0x00000000ec200000)
  from space 7680K, 10% used [0x00000000ec200000,0x00000000ec2c57f8,0x00000000ec980000)
  to   space 7680K, 0% used [0x00000000ec980000,0x00000000ec980000,0x00000000ed100000)
 ParOldGen       total 35328K, used 13913K [0x00000000c1800000, 0x00000000c3a80000, 0x00000000eb300000)
  object space 35328K, 39% used [0x00000000c1800000,0x00000000c25965e0,0x00000000c3a80000)
 Metaspace       used 22063K, capacity 22348K, committed 22704K, reserved 1069056K
  class space    used 2654K, capacity 2747K, committed 2816K, reserved 1048576K
}
Event: 78.136 GC heap before
{Heap before GC invocations=21 (full 1):
 PSYoungGen      total 23040K, used 16050K [0x00000000eb300000, 0x00000000ed100000, 0x0000000100000000)
  eden space 15360K, 99% used [0x00000000eb300000,0x00000000ec1e72e8,0x00000000ec200000)
  from space 7680K, 10% used [0x00000000ec200000,0x00000000ec2c57f8,0x00000000ec980000)
  to   space 7680K, 0% used [0x00000000ec980000,0x00000000ec980000,0x00000000ed100000)
 ParOldGen       total 35328K, used 13913K [0x00000000c1800000, 0x00000000c3a80000, 0x00000000eb300000)
  object space 35328K, 39% used [0x00000000c1800000,0x00000000c25965e0,0x00000000c3a80000)
 Metaspace       used 22097K, capacity 22412K, committed 22704K, reserved 1069056K
  class space    used 2654K, capacity 2747K, committed 2816K, reserved 1048576K
Event: 78.138 GC heap after
Heap after GC invocations=21 (full 1):
 PSYoungGen      total 22016K, used 428K [0x00000000eb300000, 0x00000000ed000000, 0x0000000100000000)
  eden space 15360K, 0% used [0x00000000eb300000,0x00000000eb300000,0x00000000ec200000)
  from space 6656K, 6% used [0x00000000ec980000,0x00000000ec9eb248,0x00000000ed000000)
  to   space 7168K, 0% used [0x00000000ec200000,0x00000000ec200000,0x00000000ec900000)
 ParOldGen       total 35328K, used 13913K [0x00000000c1800000, 0x00000000c3a80000, 0x00000000eb300000)
  object space 35328K, 39% used [0x00000000c1800000,0x00000000c25965e0,0x00000000c3a80000)
 Metaspace       used 22097K, capacity 22412K, committed 22704K, reserved 1069056K
  class space    used 2654K, capacity 2747K, committed 2816K, reserved 1048576K
}
Event: 89.606 GC heap before
{Heap before GC invocations=22 (full 1):
 PSYoungGen      total 22016K, used 15778K [0x00000000eb300000, 0x00000000ed000000, 0x0000000100000000)
  eden space 15360K, 99% used [0x00000000eb300000,0x00000000ec1fd728,0x00000000ec200000)
  from space 6656K, 6% used [0x00000000ec980000,0x00000000ec9eb248,0x00000000ed000000)
  to   space 7168K, 0% used [0x00000000ec200000,0x00000000ec200000,0x00000000ec900000)
 ParOldGen       total 35328K, used 13913K [0x00000000c1800000, 0x00000000c3a80000, 0x00000000eb300000)
  object space 35328K, 39% used [0x00000000c1800000,0x00000000c25965e0,0x00000000c3a80000)
 Metaspace       used 22119K, capacity 22412K, committed 22704K, reserved 1069056K
  class space    used 2656K, capacity 2747K, committed 2816K, reserved 1048576K
Event: 89.607 GC heap after
Heap after GC invocations=22 (full 1):
 PSYoungGen      total 16384K, used 636K [0x00000000eb300000, 0x00000000ecf00000, 0x0000000100000000)
  eden space 15360K, 0% used [0x00000000eb300000,0x00000000eb300000,0x00000000ec200000)
  from space 1024K, 62% used [0x00000000ec200000,0x00000000ec29f350,0x00000000ec300000)
  to   space 6656K, 0% used [0x00000000ec880000,0x00000000ec880000,0x00000000ecf00000)
 ParOldGen       total 35328K, used 13913K [0x00000000c1800000, 0x00000000c3a80000, 0x00000000eb300000)
  object space 35328K, 39% used [0x00000000c1800000,0x00000000c25965e0,0x00000000c3a80000)
 Metaspace       used 22119K, capacity 22412K, committed 22704K, reserved 1069056K
  class space    used 2656K, capacity 2747K, committed 2816K, reserved 1048576K
}
Event: 102.230 GC heap before
{Heap before GC invocations=23 (full 1):
 PSYoungGen      total 16384K, used 15941K [0x00000000eb300000, 0x00000000ecf00000, 0x0000000100000000)
  eden space 15360K, 99% used [0x00000000eb300000,0x00000000ec1f21c0,0x00000000ec200000)
  from space 1024K, 62% used [0x00000000ec200000,0x00000000ec29f350,0x00000000ec300000)
  to   space 6656K, 0% used [0x00000000ec880000,0x00000000ec880000,0x00000000ecf00000)
 ParOldGen       total 35328K, used 13913K [0x00000000c1800000, 0x00000000c3a80000, 0x00000000eb300000)
  object space 35328K, 39% used [0x00000000c1800000,0x00000000c25965e0,0x00000000c3a80000)
 Metaspace       used 22145K, capacity 22412K, committed 22704K, reserved 1069056K
  class space    used 2658K, capacity 2747K, committed 2816K, reserved 1048576K
Event: 102.232 GC heap after
Heap after GC invocations=23 (full 1):
 PSYoungGen      total 22016K, used 604K [0x00000000eb300000, 0x00000000ecf00000, 0x0000000100000000)
  eden space 15360K, 0% used [0x00000000eb300000,0x00000000eb300000,0x00000000ec200000)
  from space 6656K, 9% used [0x00000000ec880000,0x00000000ec9173e0,0x00000000ecf00000)
  to   space 6656K, 0% used [0x00000000ec200000,0x00000000ec200000,0x00000000ec880000)
 ParOldGen       total 35328K, used 13913K [0x00000000c1800000, 0x00000000c3a80000, 0x00000000eb300000)
  object space 35328K, 39% used [0x00000000c1800000,0x00000000c25965e0,0x00000000c3a80000)
 Metaspace       used 22145K, capacity 22412K, committed 22704K, reserved 1069056K
  class space    used 2658K, capacity 2747K, committed 2816K, reserved 1048576K
}
Event: 105.074 GC heap before
{Heap before GC invocations=24 (full 1):
 PSYoungGen      total 22016K, used 15964K [0x00000000eb300000, 0x00000000ecf00000, 0x0000000100000000)
  eden space 15360K, 100% used [0x00000000eb300000,0x00000000ec200000,0x00000000ec200000)
  from space 6656K, 9% used [0x00000000ec880000,0x00000000ec9173e0,0x00000000ecf00000)
  to   space 6656K, 0% used [0x00000000ec200000,0x00000000ec200000,0x00000000ec880000)
 ParOldGen       total 35328K, used 13913K [0x00000000c1800000, 0x00000000c3a80000, 0x00000000eb300000)
  object space 35328K, 39% used [0x00000000c1800000,0x00000000c25965e0,0x00000000c3a80000)
 Metaspace       used 22191K, capacity 22476K, committed 22704K, reserved 1069056K
  class space    used 2658K, capacity 2747K, committed 2816K, reserved 1048576K
Event: 105.076 GC heap after
Heap after GC invocations=24 (full 1):
 PSYoungGen      total 16384K, used 616K [0x00000000eb300000, 0x00000000ece00000, 0x0000000100000000)
  eden space 15360K, 0% used [0x00000000eb300000,0x00000000eb300000,0x00000000ec200000)
  from space 1024K, 60% used [0x00000000ec200000,0x00000000ec29a398,0x00000000ec300000)
  to   space 6144K, 0% used [0x00000000ec800000,0x00000000ec800000,0x00000000ece00000)
 ParOldGen       total 35328K, used 13921K [0x00000000c1800000, 0x00000000c3a80000, 0x00000000eb300000)
  object space 35328K, 39% used [0x00000000c1800000,0x00000000c25985e0,0x00000000c3a80000)
 Metaspace       used 22191K, capacity 22476K, committed 22704K, reserved 1069056K
  class space    used 2658K, capacity 2747K, committed 2816K, reserved 1048576K
}

