# JRE version: Java(TM) SE Runtime Environment (8.0_51-b16) (build 1.8.0_51-b16)
# Java VM: Java HotSpot(TM) 64-Bit Server VM (25.51-b03 mixed mode windows-amd64 compressed oops)
Heap:
 PSYoungGen      total 115712K, used 84178K [0x00000000eb300000, 0x00000000f3f80000, 0x0000000100000000)
  eden space 103424K, 80% used [0x00000000eb300000,0x00000000f04692c8,0x00000000f1800000)
  from space 12288K, 6% used [0x00000000f2780000,0x00000000f284b8d0,0x00000000f3380000)
  to   space 1024K, 0% used [0x00000000f3e80000,0x00000000f3e80000,0x00000000f3f80000)
 ParOldGen       total 46080K, used 14289K [0x00000000c1800000, 0x00000000c4500000, 0x00000000eb300000)
  object space 46080K, 31% used [0x00000000c1800000,0x00000000c25f44f0,0x00000000c4500000)
 Metaspace       used 22225K, capacity 22476K, committed 22704K, reserved 1069056K
  class space    used 2658K, capacity 2747K, committed 2816K, reserved 1048576K
GC Heap History (10 events):
Event: 2.609 GC heap before
{Heap before GC invocations=4 (full 0):
 PSYoungGen      total 35328K, used 35298K [0x00000000eb300000, 0x00000000ef800000, 0x0000000100000000)
  eden space 32768K, 100% used [0x00000000eb300000,0x00000000ed300000,0x00000000ed300000)
  from space 2560K, 98% used [0x00000000ed300000,0x00000000ed578b20,0x00000000ed580000)
  to   space 2560K, 0% used [0x00000000ef580000,0x00000000ef580000,0x00000000ef800000)
 ParOldGen       total 44032K, used 10826K [0x00000000c1800000, 0x00000000c4300000, 0x00000000eb300000)
  object space 44032K, 24% used [0x00000000c1800000,0x00000000c2292850,0x00000000c4300000)
 Metaspace       used 19868K, capacity 20072K, committed 20224K, reserved 1067008K
  class space    used 2480K, capacity 2549K, committed 2560K, reserved 1048576K
Event: 2.621 GC heap after
Heap after GC invocations=4 (full 0):
 PSYoungGen      total 68096K, used 2528K [0x00000000eb300000, 0x00000000ef800000, 0x0000000100000000)
  eden space 65536K, 0% used [0x00000000eb300000,0x00000000eb300000,0x00000000ef300000)
  from space 2560K, 98% used [0x00000000ef580000,0x00000000ef7f8030,0x00000000ef800000)
  to   space 2560K, 0% used [0x00000000ef300000,0x00000000ef300000,0x00000000ef580000)
 ParOldGen       total 44032K, used 17516K [0x00000000c1800000, 0x00000000c4300000, 0x00000000eb300000)
  object space 44032K, 39% used [0x00000000c1800000,0x00000000c291b160,0x00000000c4300000)
 Metaspace       used 19868K, capacity 20072K, committed 20224K, reserved 1067008K
  class space    used 2480K, capacity 2549K, committed 2560K, reserved 1048576K
}
Event: 6.835 GC heap before
{Heap before GC invocations=5 (full 0):
 PSYoungGen      total 68096K, used 15327K [0x00000000eb300000, 0x00000000ef800000, 0x0000000100000000)
  eden space 65536K, 19% used [0x00000000eb300000,0x00000000ebf7fd58,0x00000000ef300000)
  from space 2560K, 98% used [0x00000000ef580000,0x00000000ef7f8030,0x00000000ef800000)
  to   space 2560K, 0% used [0x00000000ef300000,0x00000000ef300000,0x00000000ef580000)
 ParOldGen       total 44032K, used 17516K [0x00000000c1800000, 0x00000000c4300000, 0x00000000eb300000)
  object space 44032K, 39% used [0x00000000c1800000,0x00000000c291b160,0x00000000c4300000)
 Metaspace       used 20958K, capacity 21178K, committed 21296K, reserved 1069056K
  class space    used 2621K, capacity 2680K, committed 2688K, reserved 1048576K
Event: 6.845 GC heap after
Heap after GC invocations=5 (full 0):
 PSYoungGen      total 68096K, used 2533K [0x00000000eb300000, 0x00000000f4a00000, 0x0000000100000000)
  eden space 65536K, 0% used [0x00000000eb300000,0x00000000eb300000,0x00000000ef300000)
  from space 2560K, 98% used [0x00000000ef300000,0x00000000ef5796f0,0x00000000ef580000)
  to   space 11776K, 0% used [0x00000000f3e80000,0x00000000f3e80000,0x00000000f4a00000)
 ParOldGen       total 44032K, used 19510K [0x00000000c1800000, 0x00000000c4300000, 0x00000000eb300000)
  object space 44032K, 44% used [0x00000000c1800000,0x00000000c2b0dab8,0x00000000c4300000)
 Metaspace       used 20958K, capacity 21178K, committed 21296K, reserved 1069056K
  class space    used 2621K, capacity 2680K, committed 2688K, reserved 1048576K
}
Event: 6.845 GC heap before
{Heap before GC invocations=6 (full 1):
 PSYoungGen      total 68096K, used 2533K [0x00000000eb300000, 0x00000000f4a00000, 0x0000000100000000)
  eden space 65536K, 0% used [0x00000000eb300000,0x00000000eb300000,0x00000000ef300000)
  from space 2560K, 98% used [0x00000000ef300000,0x00000000ef5796f0,0x00000000ef580000)
  to   space 11776K, 0% used [0x00000000f3e80000,0x00000000f3e80000,0x00000000f4a00000)
 ParOldGen       total 44032K, used 19510K [0x00000000c1800000, 0x00000000c4300000, 0x00000000eb300000)
  object space 44032K, 44% used [0x00000000c1800000,0x00000000c2b0dab8,0x00000000c4300000)
 Metaspace       used 20958K, capacity 21178K, committed 21296K, reserved 1069056K
  class space    used 2621K, capacity 2680K, committed 2688K, reserved 1048576K
Event: 6.892 GC heap after
Heap after GC invocations=6 (full 1):
 PSYoungGen      total 68096K, used 0K [0x00000000eb300000, 0x00000000f4a00000, 0x0000000100000000)
  eden space 65536K, 0% used [0x00000000eb300000,0x00000000eb300000,0x00000000ef300000)
  from space 2560K, 0% used [0x00000000ef300000,0x00000000ef300000,0x00000000ef580000)
  to   space 11776K, 0% used [0x00000000f3e80000,0x00000000f3e80000,0x00000000f4a00000)
 ParOldGen       total 46080K, used 14273K [0x00000000c1800000, 0x00000000c4500000, 0x00000000eb300000)
  object space 46080K, 30% used [0x00000000c1800000,0x00000000c25f04f0,0x00000000c4500000)
 Metaspace       used 20958K, capacity 21178K, committed 21296K, reserved 1069056K
  class space    used 2621K, capacity 2680K, committed 2688K, reserved 1048576K
}
Event: 48.404 GC heap before
{Heap before GC invocations=7 (full 1):
 PSYoungGen      total 68096K, used 65536K [0x00000000eb300000, 0x00000000f4a00000, 0x0000000100000000)
  eden space 65536K, 100% used [0x00000000eb300000,0x00000000ef300000,0x00000000ef300000)
  from space 2560K, 0% used [0x00000000ef300000,0x00000000ef300000,0x00000000ef580000)
  to   space 11776K, 0% used [0x00000000f3e80000,0x00000000f3e80000,0x00000000f4a00000)
 ParOldGen       total 46080K, used 14273K [0x00000000c1800000, 0x00000000c4500000, 0x00000000eb300000)
  object space 46080K, 30% used [0x00000000c1800000,0x00000000c25f04f0,0x00000000c4500000)
 Metaspace       used 21667K, capacity 21932K, committed 22192K, reserved 1069056K
  class space    used 2648K, capacity 2715K, committed 2816K, reserved 1048576K
Event: 48.408 GC heap after
Heap after GC invocations=7 (full 1):
 PSYoungGen      total 104448K, used 772K [0x00000000eb300000, 0x00000000f3f80000, 0x0000000100000000)
  eden space 103424K, 0% used [0x00000000eb300000,0x00000000eb300000,0x00000000f1800000)
  from space 1024K, 75% used [0x00000000f3e80000,0x00000000f3f41058,0x00000000f3f80000)
  to   space 12288K, 0% used [0x00000000f2780000,0x00000000f2780000,0x00000000f3380000)
 ParOldGen       total 46080K, used 14281K [0x00000000c1800000, 0x00000000c4500000, 0x00000000eb300000)
  object space 46080K, 30% used [0x00000000c1800000,0x00000000c25f24f0,0x00000000c4500000)
 Metaspace       used 21667K, capacity 21932K, committed 22192K, reserved 1069056K
  class space    used 2648K, capacity 2715K, committed 2816K, reserved 1048576K
}
Event: 70.211 GC heap before
{Heap before GC invocations=8 (full 1):
 PSYoungGen      total 104448K, used 104196K [0x00000000eb300000, 0x00000000f3f80000, 0x0000000100000000)
  eden space 103424K, 100% used [0x00000000eb300000,0x00000000f1800000,0x00000000f1800000)
  from space 1024K, 75% used [0x00000000f3e80000,0x00000000f3f41058,0x00000000f3f80000)
  to   space 12288K, 0% used [0x00000000f2780000,0x00000000f2780000,0x00000000f3380000)
 ParOldGen       total 46080K, used 14281K [0x00000000c1800000, 0x00000000c4500000, 0x00000000eb300000)
  object space 46080K, 30% used [0x00000000c1800000,0x00000000c25f24f0,0x00000000c4500000)
 Metaspace       used 22022K, capacity 22316K, committed 22704K, reserved 1069056K
  class space    used 2649K, capacity 2715K, committed 2816K, reserved 1048576K
Event: 70.213 GC heap after
Heap after GC invocations=8 (full 1):
 PSYoungGen      total 115712K, used 814K [0x00000000eb300000, 0x00000000f3f80000, 0x0000000100000000)
  eden space 103424K, 0% used [0x00000000eb300000,0x00000000eb300000,0x00000000f1800000)
  from space 12288K, 6% used [0x00000000f2780000,0x00000000f284b8d0,0x00000000f3380000)
  to   space 1024K, 0% used [0x00000000f3e80000,0x00000000f3e80000,0x00000000f3f80000)
 ParOldGen       total 46080K, used 14289K [0x00000000c1800000, 0x00000000c4500000, 0x00000000eb300000)
  object space 46080K, 31% used [0x00000000c1800000,0x00000000c25f44f0,0x00000000c4500000)
 Metaspace       used 22022K, capacity 22316K, committed 22704K, reserved 1069056K
  class space    used 2649K, capacity 2715K, committed 2816K, reserved 1048576K
}

