# JRE version: Java(TM) SE Runtime Environment (8.0_51-b16) (build 1.8.0_51-b16)
# Java VM: Java HotSpot(TM) 64-Bit Server VM (25.51-b03 mixed mode windows-amd64 compressed oops)
Heap:
 PSYoungGen      total 131584K, used 25369K [0x00000000eb300000, 0x00000000f5e80000, 0x0000000100000000)
  eden space 119296K, 20% used [0x00000000eb300000,0x00000000ecb1f0e0,0x00000000f2780000)
  from space 12288K, 5% used [0x00000000f5280000,0x00000000f5327460,0x00000000f5e80000)
  to   space 12288K, 0% used [0x00000000f2780000,0x00000000f2780000,0x00000000f3380000)
 ParOldGen       total 46592K, used 14558K [0x00000000c1800000, 0x00000000c4580000, 0x00000000eb300000)
  object space 46592K, 31% used [0x00000000c1800000,0x00000000c2637b38,0x00000000c4580000)
 Metaspace       used 22329K, capacity 22604K, committed 22960K, reserved 1069056K
  class space    used 2654K, capacity 2747K, committed 2816K, reserved 1048576K
GC Heap History (10 events):
Event: 6.736 GC heap before
{Heap before GC invocations=5 (full 0):
 PSYoungGen      total 68096K, used 13964K [0x00000000eb300000, 0x00000000ef800000, 0x0000000100000000)
  eden space 65536K, 17% used [0x00000000eb300000,0x00000000ebe25cf0,0x00000000ef300000)
  from space 2560K, 99% used [0x00000000ef580000,0x00000000ef7fd500,0x00000000ef800000)
  to   space 2560K, 0% used [0x00000000ef300000,0x00000000ef300000,0x00000000ef580000)
 ParOldGen       total 44032K, used 17130K [0x00000000c1800000, 0x00000000c4300000, 0x00000000eb300000)
  object space 44032K, 38% used [0x00000000c1800000,0x00000000c28ba9b8,0x00000000c4300000)
 Metaspace       used 20935K, capacity 21172K, committed 21296K, reserved 1069056K
  class space    used 2617K, capacity 2679K, committed 2688K, reserved 1048576K
Event: 6.745 GC heap after
Heap after GC invocations=5 (full 0):
 PSYoungGen      total 68096K, used 2547K [0x00000000eb300000, 0x00000000f4a00000, 0x0000000100000000)
  eden space 65536K, 0% used [0x00000000eb300000,0x00000000eb300000,0x00000000ef300000)
  from space 2560K, 99% used [0x00000000ef300000,0x00000000ef57ce08,0x00000000ef580000)
  to   space 11776K, 0% used [0x00000000f3e80000,0x00000000f3e80000,0x00000000f4a00000)
 ParOldGen       total 44032K, used 18806K [0x00000000c1800000, 0x00000000c4300000, 0x00000000eb300000)
  object space 44032K, 42% used [0x00000000c1800000,0x00000000c2a5d978,0x00000000c4300000)
 Metaspace       used 20935K, capacity 21172K, committed 21296K, reserved 1069056K
  class space    used 2617K, capacity 2679K, committed 2688K, reserved 1048576K
}
Event: 6.745 GC heap before
{Heap before GC invocations=6 (full 1):
 PSYoungGen      total 68096K, used 2547K [0x00000000eb300000, 0x00000000f4a00000, 0x0000000100000000)
  eden space 65536K, 0% used [0x00000000eb300000,0x00000000eb300000,0x00000000ef300000)
  from space 2560K, 99% used [0x00000000ef300000,0x00000000ef57ce08,0x00000000ef580000)
  to   space 11776K, 0% used [0x00000000f3e80000,0x00000000f3e80000,0x00000000f4a00000)
 ParOldGen       total 44032K, used 18806K [0x00000000c1800000, 0x00000000c4300000, 0x00000000eb300000)
  object space 44032K, 42% used [0x00000000c1800000,0x00000000c2a5d978,0x00000000c4300000)
 Metaspace       used 20935K, capacity 21172K, committed 21296K, reserved 1069056K
  class space    used 2617K, capacity 2679K, committed 2688K, reserved 1048576K
Event: 6.794 GC heap after
Heap after GC invocations=6 (full 1):
 PSYoungGen      total 68096K, used 0K [0x00000000eb300000, 0x00000000f4a00000, 0x0000000100000000)
  eden space 65536K, 0% used [0x00000000eb300000,0x00000000eb300000,0x00000000ef300000)
  from space 2560K, 0% used [0x00000000ef300000,0x00000000ef300000,0x00000000ef580000)
  to   space 11776K, 0% used [0x00000000f3e80000,0x00000000f3e80000,0x00000000f4a00000)
 ParOldGen       total 46592K, used 14542K [0x00000000c1800000, 0x00000000c4580000, 0x00000000eb300000)
  object space 46592K, 31% used [0x00000000c1800000,0x00000000c2633b38,0x00000000c4580000)
 Metaspace       used 20935K, capacity 21172K, committed 21296K, reserved 1069056K
  class space    used 2617K, capacity 2679K, committed 2688K, reserved 1048576K
}
Event: 27.111 GC heap before
{Heap before GC invocations=7 (full 1):
 PSYoungGen      total 68096K, used 65536K [0x00000000eb300000, 0x00000000f4a00000, 0x0000000100000000)
  eden space 65536K, 100% used [0x00000000eb300000,0x00000000ef300000,0x00000000ef300000)
  from space 2560K, 0% used [0x00000000ef300000,0x00000000ef300000,0x00000000ef580000)
  to   space 11776K, 0% used [0x00000000f3e80000,0x00000000f3e80000,0x00000000f4a00000)
 ParOldGen       total 46592K, used 14542K [0x00000000c1800000, 0x00000000c4580000, 0x00000000eb300000)
  object space 46592K, 31% used [0x00000000c1800000,0x00000000c2633b38,0x00000000c4580000)
 Metaspace       used 21659K, capacity 21932K, committed 22192K, reserved 1069056K
  class space    used 2647K, capacity 2715K, committed 2816K, reserved 1048576K
Event: 27.113 GC heap after
Heap after GC invocations=7 (full 1):
 PSYoungGen      total 102912K, used 583K [0x00000000eb300000, 0x00000000f3f80000, 0x0000000100000000)
  eden space 101888K, 0% used [0x00000000eb300000,0x00000000eb300000,0x00000000f1680000)
  from space 1024K, 57% used [0x00000000f3e80000,0x00000000f3f11fc0,0x00000000f3f80000)
  to   space 12288K, 0% used [0x00000000f2780000,0x00000000f2780000,0x00000000f3380000)
 ParOldGen       total 46592K, used 14550K [0x00000000c1800000, 0x00000000c4580000, 0x00000000eb300000)
  object space 46592K, 31% used [0x00000000c1800000,0x00000000c2635b38,0x00000000c4580000)
 Metaspace       used 21659K, capacity 21932K, committed 22192K, reserved 1069056K
  class space    used 2647K, capacity 2715K, committed 2816K, reserved 1048576K
}
Event: 50.241 GC heap before
{Heap before GC invocations=8 (full 1):
 PSYoungGen      total 102912K, used 102471K [0x00000000eb300000, 0x00000000f3f80000, 0x0000000100000000)
  eden space 101888K, 100% used [0x00000000eb300000,0x00000000f1680000,0x00000000f1680000)
  from space 1024K, 57% used [0x00000000f3e80000,0x00000000f3f11fc0,0x00000000f3f80000)
  to   space 12288K, 0% used [0x00000000f2780000,0x00000000f2780000,0x00000000f3380000)
 ParOldGen       total 46592K, used 14550K [0x00000000c1800000, 0x00000000c4580000, 0x00000000eb300000)
  object space 46592K, 31% used [0x00000000c1800000,0x00000000c2635b38,0x00000000c4580000)
 Metaspace       used 22034K, capacity 22316K, committed 22704K, reserved 1069056K
  class space    used 2649K, capacity 2715K, committed 2816K, reserved 1048576K
Event: 50.244 GC heap after
Heap after GC invocations=8 (full 1):
 PSYoungGen      total 131584K, used 776K [0x00000000eb300000, 0x00000000f5e80000, 0x0000000100000000)
  eden space 119296K, 0% used [0x00000000eb300000,0x00000000eb300000,0x00000000f2780000)
  from space 12288K, 6% used [0x00000000f2780000,0x00000000f28423e0,0x00000000f3380000)
  to   space 12288K, 0% used [0x00000000f5280000,0x00000000f5280000,0x00000000f5e80000)
 ParOldGen       total 46592K, used 14550K [0x00000000c1800000, 0x00000000c4580000, 0x00000000eb300000)
  object space 46592K, 31% used [0x00000000c1800000,0x00000000c2635b38,0x00000000c4580000)
 Metaspace       used 22034K, capacity 22316K, committed 22704K, reserved 1069056K
  class space    used 2649K, capacity 2715K, committed 2816K, reserved 1048576K
}
Event: 100.277 GC heap before
{Heap before GC invocations=9 (full 1):
 PSYoungGen      total 131584K, used 120072K [0x00000000eb300000, 0x00000000f5e80000, 0x0000000100000000)
  eden space 119296K, 100% used [0x00000000eb300000,0x00000000f2780000,0x00000000f2780000)
  from space 12288K, 6% used [0x00000000f2780000,0x00000000f28423e0,0x00000000f3380000)
  to   space 12288K, 0% used [0x00000000f5280000,0x00000000f5280000,0x00000000f5e80000)
 ParOldGen       total 46592K, used 14550K [0x00000000c1800000, 0x00000000c4580000, 0x00000000eb300000)
  object space 46592K, 31% used [0x00000000c1800000,0x00000000c2635b38,0x00000000c4580000)
 Metaspace       used 22297K, capacity 22604K, committed 22960K, reserved 1069056K
  class space    used 2654K, capacity 2747K, committed 2816K, reserved 1048576K
Event: 100.280 GC heap after
Heap after GC invocations=9 (full 1):
 PSYoungGen      total 131584K, used 669K [0x00000000eb300000, 0x00000000f5e80000, 0x0000000100000000)
  eden space 119296K, 0% used [0x00000000eb300000,0x00000000eb300000,0x00000000f2780000)
  from space 12288K, 5% used [0x00000000f5280000,0x00000000f5327460,0x00000000f5e80000)
  to   space 12288K, 0% used [0x00000000f2780000,0x00000000f2780000,0x00000000f3380000)
 ParOldGen       total 46592K, used 14558K [0x00000000c1800000, 0x00000000c4580000, 0x00000000eb300000)
  object space 46592K, 31% used [0x00000000c1800000,0x00000000c2637b38,0x00000000c4580000)
 Metaspace       used 22297K, capacity 22604K, committed 22960K, reserved 1069056K
  class space    used 2654K, capacity 2747K, committed 2816K, reserved 1048576K
}

