# JRE version: Java(TM) SE Runtime Environment (8.0_51-b16) (build 1.8.0_51-b16)
# Java VM: Java HotSpot(TM) 64-Bit Server VM (25.51-b03 mixed mode windows-amd64 compressed oops)
Heap:
 PSYoungGen      total 19968K, used 1842K [0x00000000eb300000, 0x00000000ecc80000, 0x0000000100000000)
  eden space 14848K, 8% used [0x00000000eb300000,0x00000000eb434458,0x00000000ec180000)
  from space 5120K, 11% used [0x00000000ec780000,0x00000000ec818480,0x00000000ecc80000)
  to   space 5632K, 0% used [0x00000000ec180000,0x00000000ec180000,0x00000000ec700000)
 ParOldGen       total 35328K, used 14236K [0x00000000c1800000, 0x00000000c3a80000, 0x00000000eb300000)
  object space 35328K, 40% used [0x00000000c1800000,0x00000000c25e70f8,0x00000000c3a80000)
 Metaspace       used 22198K, capacity 22476K, committed 22704K, reserved 1069056K
  class space    used 2653K, capacity 2747K, committed 2816K, reserved 1048576K
GC Heap History (10 events):
Event: 75.817 GC heap before
{Heap before GC invocations=21 (full 1):
 PSYoungGen      total 15872K, used 15447K [0x00000000eb300000, 0x00000000ecf80000, 0x0000000100000000)
  eden space 14848K, 99% used [0x00000000eb300000,0x00000000ec16b4d8,0x00000000ec180000)
  from space 1024K, 66% used [0x00000000ec180000,0x00000000ec22a9b8,0x00000000ec280000)
  to   space 7168K, 0% used [0x00000000ec880000,0x00000000ec880000,0x00000000ecf80000)
 ParOldGen       total 35328K, used 14078K [0x00000000c1800000, 0x00000000c3a80000, 0x00000000eb300000)
  object space 35328K, 39% used [0x00000000c1800000,0x00000000c25bfa68,0x00000000c3a80000)
 Metaspace       used 22077K, capacity 22380K, committed 22704K, reserved 1069056K
  class space    used 2649K, capacity 2715K, committed 2816K, reserved 1048576K
Event: 75.819 GC heap after
Heap after GC invocations=21 (full 1):
 PSYoungGen      total 22016K, used 721K [0x00000000eb300000, 0x00000000ecf80000, 0x0000000100000000)
  eden space 14848K, 0% used [0x00000000eb300000,0x00000000eb300000,0x00000000ec180000)
  from space 7168K, 10% used [0x00000000ec880000,0x00000000ec9344b8,0x00000000ecf80000)
  to   space 7168K, 0% used [0x00000000ec180000,0x00000000ec180000,0x00000000ec880000)
 ParOldGen       total 35328K, used 14078K [0x00000000c1800000, 0x00000000c3a80000, 0x00000000eb300000)
  object space 35328K, 39% used [0x00000000c1800000,0x00000000c25bfa68,0x00000000c3a80000)
 Metaspace       used 22077K, capacity 22380K, committed 22704K, reserved 1069056K
  class space    used 2649K, capacity 2715K, committed 2816K, reserved 1048576K
}
Event: 87.535 GC heap before
{Heap before GC invocations=22 (full 1):
 PSYoungGen      total 22016K, used 15470K [0x00000000eb300000, 0x00000000ecf80000, 0x0000000100000000)
  eden space 14848K, 99% used [0x00000000eb300000,0x00000000ec1673d8,0x00000000ec180000)
  from space 7168K, 10% used [0x00000000ec880000,0x00000000ec9344b8,0x00000000ecf80000)
  to   space 7168K, 0% used [0x00000000ec180000,0x00000000ec180000,0x00000000ec880000)
 ParOldGen       total 35328K, used 14078K [0x00000000c1800000, 0x00000000c3a80000, 0x00000000eb300000)
  object space 35328K, 39% used [0x00000000c1800000,0x00000000c25bfa68,0x00000000c3a80000)
 Metaspace       used 22104K, capacity 22412K, committed 22704K, reserved 1069056K
  class space    used 2651K, capacity 2747K, committed 2816K, reserved 1048576K
Event: 87.538 GC heap after
Heap after GC invocations=22 (full 1):
 PSYoungGen      total 15872K, used 750K [0x00000000eb300000, 0x00000000ece80000, 0x0000000100000000)
  eden space 14848K, 0% used [0x00000000eb300000,0x00000000eb300000,0x00000000ec180000)
  from space 1024K, 73% used [0x00000000ec180000,0x00000000ec23b868,0x00000000ec280000)
  to   space 6656K, 0% used [0x00000000ec800000,0x00000000ec800000,0x00000000ece80000)
 ParOldGen       total 35328K, used 14078K [0x00000000c1800000, 0x00000000c3a80000, 0x00000000eb300000)
  object space 35328K, 39% used [0x00000000c1800000,0x00000000c25bfa68,0x00000000c3a80000)
 Metaspace       used 22104K, capacity 22412K, committed 22704K, reserved 1069056K
  class space    used 2651K, capacity 2747K, committed 2816K, reserved 1048576K
}
Event: 102.110 GC heap before
{Heap before GC invocations=23 (full 1):
 PSYoungGen      total 15872K, used 15598K [0x00000000eb300000, 0x00000000ece80000, 0x0000000100000000)
  eden space 14848K, 100% used [0x00000000eb300000,0x00000000ec180000,0x00000000ec180000)
  from space 1024K, 73% used [0x00000000ec180000,0x00000000ec23b868,0x00000000ec280000)
  to   space 6656K, 0% used [0x00000000ec800000,0x00000000ec800000,0x00000000ece80000)
 ParOldGen       total 35328K, used 14078K [0x00000000c1800000, 0x00000000c3a80000, 0x00000000eb300000)
  object space 35328K, 39% used [0x00000000c1800000,0x00000000c25bfa68,0x00000000c3a80000)
 Metaspace       used 22135K, capacity 22412K, committed 22704K, reserved 1069056K
  class space    used 2653K, capacity 2747K, committed 2816K, reserved 1048576K
Event: 102.112 GC heap after
Heap after GC invocations=23 (full 1):
 PSYoungGen      total 21504K, used 699K [0x00000000eb300000, 0x00000000ece80000, 0x0000000100000000)
  eden space 14848K, 0% used [0x00000000eb300000,0x00000000eb300000,0x00000000ec180000)
  from space 6656K, 10% used [0x00000000ec800000,0x00000000ec8aefb8,0x00000000ece80000)
  to   space 6656K, 0% used [0x00000000ec180000,0x00000000ec180000,0x00000000ec800000)
 ParOldGen       total 35328K, used 14078K [0x00000000c1800000, 0x00000000c3a80000, 0x00000000eb300000)
  object space 35328K, 39% used [0x00000000c1800000,0x00000000c25bfa68,0x00000000c3a80000)
 Metaspace       used 22135K, capacity 22412K, committed 22704K, reserved 1069056K
  class space    used 2653K, capacity 2747K, committed 2816K, reserved 1048576K
}
Event: 104.692 GC heap before
{Heap before GC invocations=24 (full 1):
 PSYoungGen      total 21504K, used 15547K [0x00000000eb300000, 0x00000000ece80000, 0x0000000100000000)
  eden space 14848K, 100% used [0x00000000eb300000,0x00000000ec180000,0x00000000ec180000)
  from space 6656K, 10% used [0x00000000ec800000,0x00000000ec8aefb8,0x00000000ece80000)
  to   space 6656K, 0% used [0x00000000ec180000,0x00000000ec180000,0x00000000ec800000)
 ParOldGen       total 35328K, used 14078K [0x00000000c1800000, 0x00000000c3a80000, 0x00000000eb300000)
  object space 35328K, 39% used [0x00000000c1800000,0x00000000c25bfa68,0x00000000c3a80000)
 Metaspace       used 22170K, capacity 22412K, committed 22704K, reserved 1069056K
  class space    used 2653K, capacity 2747K, committed 2816K, reserved 1048576K
Event: 104.694 GC heap after
Heap after GC invocations=24 (full 1):
 PSYoungGen      total 15872K, used 592K [0x00000000eb300000, 0x00000000ecd80000, 0x0000000100000000)
  eden space 14848K, 0% used [0x00000000eb300000,0x00000000eb300000,0x00000000ec180000)
  from space 1024K, 57% used [0x00000000ec180000,0x00000000ec214360,0x00000000ec280000)
  to   space 6144K, 0% used [0x00000000ec780000,0x00000000ec780000,0x00000000ecd80000)
 ParOldGen       total 35328K, used 14204K [0x00000000c1800000, 0x00000000c3a80000, 0x00000000eb300000)
  object space 35328K, 40% used [0x00000000c1800000,0x00000000c25df0f8,0x00000000c3a80000)
 Metaspace       used 22170K, capacity 22412K, committed 22704K, reserved 1069056K
  class space    used 2653K, capacity 2747K, committed 2816K, reserved 1048576K
}
Event: 109.686 GC heap before
{Heap before GC invocations=25 (full 1):
 PSYoungGen      total 15872K, used 15440K [0x00000000eb300000, 0x00000000ecd80000, 0x0000000100000000)
  eden space 14848K, 100% used [0x00000000eb300000,0x00000000ec180000,0x00000000ec180000)
  from space 1024K, 57% used [0x00000000ec180000,0x00000000ec214360,0x00000000ec280000)
  to   space 6144K, 0% used [0x00000000ec780000,0x00000000ec780000,0x00000000ecd80000)
 ParOldGen       total 35328K, used 14204K [0x00000000c1800000, 0x00000000c3a80000, 0x00000000eb300000)
  object space 35328K, 40% used [0x00000000c1800000,0x00000000c25df0f8,0x00000000c3a80000)
 Metaspace       used 22195K, capacity 22476K, committed 22704K, reserved 1069056K
  class space    used 2653K, capacity 2747K, committed 2816K, reserved 1048576K
Event: 109.687 GC heap after
Heap after GC invocations=25 (full 1):
 PSYoungGen      total 19968K, used 609K [0x00000000eb300000, 0x00000000ecc80000, 0x0000000100000000)
  eden space 14848K, 0% used [0x00000000eb300000,0x00000000eb300000,0x00000000ec180000)
  from space 5120K, 11% used [0x00000000ec780000,0x00000000ec818480,0x00000000ecc80000)
  to   space 5632K, 0% used [0x00000000ec180000,0x00000000ec180000,0x00000000ec700000)
 ParOldGen       total 35328K, used 14236K [0x00000000c1800000, 0x00000000c3a80000, 0x00000000eb300000)
  object space 35328K, 40% used [0x00000000c1800000,0x00000000c25e70f8,0x00000000c3a80000)
 Metaspace       used 22195K, capacity 22476K, committed 22704K, reserved 1069056K
  class space    used 2653K, capacity 2747K, committed 2816K, reserved 1048576K
}

