# JRE version: Java(TM) SE Runtime Environment (8.0_51-b16) (build 1.8.0_51-b16)
# Java VM: Java HotSpot(TM) 64-Bit Server VM (25.51-b03 mixed mode windows-amd64 compressed oops)
Heap:
 PSYoungGen      total 26112K, used 23482K [0x00000000eb300000, 0x00000000eda80000, 0x0000000100000000)
  eden space 25088K, 91% used [0x00000000eb300000,0x00000000ec952440,0x00000000ecb80000)
  from space 1024K, 61% used [0x00000000ecc00000,0x00000000ecc9c4e8,0x00000000ecd00000)
  to   space 7680K, 0% used [0x00000000ed300000,0x00000000ed300000,0x00000000eda80000)
 ParOldGen       total 46080K, used 17118K [0x00000000c1800000, 0x00000000c4500000, 0x00000000eb300000)
  object space 46080K, 37% used [0x00000000c1800000,0x00000000c28b78a0,0x00000000c4500000)
 Metaspace       used 22444K, capacity 22732K, committed 22960K, reserved 1069056K
  class space    used 2658K, capacity 2747K, committed 2816K, reserved 1048576K
GC Heap History (10 events):
Event: 108.142 GC heap before
{Heap before GC invocations=16 (full 1):
 PSYoungGen      total 36352K, used 28214K [0x00000000eb300000, 0x00000000ee100000, 0x0000000100000000)
  eden space 27648K, 100% used [0x00000000eb300000,0x00000000ece00000,0x00000000ece00000)
  from space 8704K, 6% used [0x00000000ed880000,0x00000000ed90d948,0x00000000ee100000)
  to   space 9728K, 0% used [0x00000000ece00000,0x00000000ece00000,0x00000000ed780000)
 ParOldGen       total 46080K, used 17086K [0x00000000c1800000, 0x00000000c4500000, 0x00000000eb300000)
  object space 46080K, 37% used [0x00000000c1800000,0x00000000c28af8a0,0x00000000c4500000)
 Metaspace       used 22277K, capacity 22540K, committed 22704K, reserved 1069056K
  class space    used 2653K, capacity 2747K, committed 2816K, reserved 1048576K
Event: 108.145 GC heap after
Heap after GC invocations=16 (full 1):
 PSYoungGen      total 27648K, used 369K [0x00000000eb300000, 0x00000000edf80000, 0x0000000100000000)
  eden space 27136K, 0% used [0x00000000eb300000,0x00000000eb300000,0x00000000ecd80000)
  from space 512K, 72% used [0x00000000ece00000,0x00000000ece5c4b0,0x00000000ece80000)
  to   space 9216K, 0% used [0x00000000ed680000,0x00000000ed680000,0x00000000edf80000)
 ParOldGen       total 46080K, used 17094K [0x00000000c1800000, 0x00000000c4500000, 0x00000000eb300000)
  object space 46080K, 37% used [0x00000000c1800000,0x00000000c28b18a0,0x00000000c4500000)
 Metaspace       used 22277K, capacity 22540K, committed 22704K, reserved 1069056K
  class space    used 2653K, capacity 2747K, committed 2816K, reserved 1048576K
}
Event: 120.428 GC heap before
{Heap before GC invocations=17 (full 1):
 PSYoungGen      total 27648K, used 27505K [0x00000000eb300000, 0x00000000edf80000, 0x0000000100000000)
  eden space 27136K, 100% used [0x00000000eb300000,0x00000000ecd80000,0x00000000ecd80000)
  from space 512K, 72% used [0x00000000ece00000,0x00000000ece5c4b0,0x00000000ece80000)
  to   space 9216K, 0% used [0x00000000ed680000,0x00000000ed680000,0x00000000edf80000)
 ParOldGen       total 46080K, used 17094K [0x00000000c1800000, 0x00000000c4500000, 0x00000000eb300000)
  object space 46080K, 37% used [0x00000000c1800000,0x00000000c28b18a0,0x00000000c4500000)
 Metaspace       used 22307K, capacity 22604K, committed 22960K, reserved 1069056K
  class space    used 2653K, capacity 2747K, committed 2816K, reserved 1048576K
Event: 120.430 GC heap after
Heap after GC invocations=17 (full 1):
 PSYoungGen      total 35328K, used 718K [0x00000000eb300000, 0x00000000edf00000, 0x0000000100000000)
  eden space 26624K, 0% used [0x00000000eb300000,0x00000000eb300000,0x00000000ecd00000)
  from space 8704K, 8% used [0x00000000ed680000,0x00000000ed733bc0,0x00000000edf00000)
  to   space 9216K, 0% used [0x00000000ecd00000,0x00000000ecd00000,0x00000000ed600000)
 ParOldGen       total 46080K, used 17102K [0x00000000c1800000, 0x00000000c4500000, 0x00000000eb300000)
  object space 46080K, 37% used [0x00000000c1800000,0x00000000c28b38a0,0x00000000c4500000)
 Metaspace       used 22307K, capacity 22604K, committed 22960K, reserved 1069056K
  class space    used 2653K, capacity 2747K, committed 2816K, reserved 1048576K
}
Event: 135.488 GC heap before
{Heap before GC invocations=18 (full 1):
 PSYoungGen      total 35328K, used 27342K [0x00000000eb300000, 0x00000000edf00000, 0x0000000100000000)
  eden space 26624K, 100% used [0x00000000eb300000,0x00000000ecd00000,0x00000000ecd00000)
  from space 8704K, 8% used [0x00000000ed680000,0x00000000ed733bc0,0x00000000edf00000)
  to   space 9216K, 0% used [0x00000000ecd00000,0x00000000ecd00000,0x00000000ed600000)
 ParOldGen       total 46080K, used 17102K [0x00000000c1800000, 0x00000000c4500000, 0x00000000eb300000)
  object space 46080K, 37% used [0x00000000c1800000,0x00000000c28b38a0,0x00000000c4500000)
 Metaspace       used 22324K, capacity 22604K, committed 22960K, reserved 1069056K
  class space    used 2653K, capacity 2747K, committed 2816K, reserved 1048576K
Event: 135.490 GC heap after
Heap after GC invocations=18 (full 1):
 PSYoungGen      total 27136K, used 695K [0x00000000eb300000, 0x00000000edd80000, 0x0000000100000000)
  eden space 26112K, 0% used [0x00000000eb300000,0x00000000eb300000,0x00000000ecc80000)
  from space 1024K, 67% used [0x00000000ecd00000,0x00000000ecdadf90,0x00000000ece00000)
  to   space 8704K, 0% used [0x00000000ed500000,0x00000000ed500000,0x00000000edd80000)
 ParOldGen       total 46080K, used 17102K [0x00000000c1800000, 0x00000000c4500000, 0x00000000eb300000)
  object space 46080K, 37% used [0x00000000c1800000,0x00000000c28b38a0,0x00000000c4500000)
 Metaspace       used 22324K, capacity 22604K, committed 22960K, reserved 1069056K
  class space    used 2653K, capacity 2747K, committed 2816K, reserved 1048576K
}
Event: 147.791 GC heap before
{Heap before GC invocations=19 (full 1):
 PSYoungGen      total 27136K, used 26759K [0x00000000eb300000, 0x00000000edd80000, 0x0000000100000000)
  eden space 26112K, 99% used [0x00000000eb300000,0x00000000ecc73d98,0x00000000ecc80000)
  from space 1024K, 67% used [0x00000000ecd00000,0x00000000ecdadf90,0x00000000ece00000)
  to   space 8704K, 0% used [0x00000000ed500000,0x00000000ed500000,0x00000000edd80000)
 ParOldGen       total 46080K, used 17102K [0x00000000c1800000, 0x00000000c4500000, 0x00000000eb300000)
  object space 46080K, 37% used [0x00000000c1800000,0x00000000c28b38a0,0x00000000c4500000)
 Metaspace       used 22366K, capacity 22604K, committed 22960K, reserved 1069056K
  class space    used 2653K, capacity 2747K, committed 2816K, reserved 1048576K
Event: 147.797 GC heap after
Heap after GC invocations=19 (full 1):
 PSYoungGen      total 32768K, used 657K [0x00000000eb300000, 0x00000000edc00000, 0x0000000100000000)
  eden space 25600K, 0% used [0x00000000eb300000,0x00000000eb300000,0x00000000ecc00000)
  from space 7168K, 9% used [0x00000000ed500000,0x00000000ed5a44c0,0x00000000edc00000)
  to   space 8192K, 0% used [0x00000000ecc00000,0x00000000ecc00000,0x00000000ed400000)
 ParOldGen       total 46080K, used 17110K [0x00000000c1800000, 0x00000000c4500000, 0x00000000eb300000)
  object space 46080K, 37% used [0x00000000c1800000,0x00000000c28b58a0,0x00000000c4500000)
 Metaspace       used 22366K, capacity 22604K, committed 22960K, reserved 1069056K
  class space    used 2653K, capacity 2747K, committed 2816K, reserved 1048576K
}
Event: 159.095 GC heap before
{Heap before GC invocations=20 (full 1):
 PSYoungGen      total 32768K, used 26187K [0x00000000eb300000, 0x00000000edc00000, 0x0000000100000000)
  eden space 25600K, 99% used [0x00000000eb300000,0x00000000ecbeea80,0x00000000ecc00000)
  from space 7168K, 9% used [0x00000000ed500000,0x00000000ed5a44c0,0x00000000edc00000)
  to   space 8192K, 0% used [0x00000000ecc00000,0x00000000ecc00000,0x00000000ed400000)
 ParOldGen       total 46080K, used 17110K [0x00000000c1800000, 0x00000000c4500000, 0x00000000eb300000)
  object space 46080K, 37% used [0x00000000c1800000,0x00000000c28b58a0,0x00000000c4500000)
 Metaspace       used 22397K, capacity 22668K, committed 22960K, reserved 1069056K
  class space    used 2657K, capacity 2747K, committed 2816K, reserved 1048576K
Event: 159.097 GC heap after
Heap after GC invocations=20 (full 1):
 PSYoungGen      total 26112K, used 625K [0x00000000eb300000, 0x00000000eda80000, 0x0000000100000000)
  eden space 25088K, 0% used [0x00000000eb300000,0x00000000eb300000,0x00000000ecb80000)
  from space 1024K, 61% used [0x00000000ecc00000,0x00000000ecc9c4e8,0x00000000ecd00000)
  to   space 7680K, 0% used [0x00000000ed300000,0x00000000ed300000,0x00000000eda80000)
 ParOldGen       total 46080K, used 17118K [0x00000000c1800000, 0x00000000c4500000, 0x00000000eb300000)
  object space 46080K, 37% used [0x00000000c1800000,0x00000000c28b78a0,0x00000000c4500000)
 Metaspace       used 22397K, capacity 22668K, committed 22960K, reserved 1069056K
  class space    used 2657K, capacity 2747K, committed 2816K, reserved 1048576K
}

