# JRE version: Java(TM) SE Runtime Environment (8.0_51-b16) (build 1.8.0_51-b16)
# Java VM: Java HotSpot(TM) 64-Bit Server VM (25.51-b03 mixed mode windows-amd64 compressed oops)
Heap:
 PSYoungGen      total 34304K, used 10981K [0x00000000eb300000, 0x00000000ee500000, 0x0000000100000000)
  eden space 31744K, 26% used [0x00000000eb300000,0x00000000ebb3e818,0x00000000ed200000)
  from space 2560K, 99% used [0x00000000ed300000,0x00000000ed57ae50,0x00000000ed580000)
  to   space 9728K, 0% used [0x00000000edb80000,0x00000000edb80000,0x00000000ee500000)
 ParOldGen       total 44032K, used 17799K [0x00000000c1800000, 0x00000000c4300000, 0x00000000eb300000)
  object space 44032K, 40% used [0x00000000c1800000,0x00000000c2961c08,0x00000000c4300000)
 Metaspace       used 20864K, capacity 21108K, committed 21296K, reserved 1069056K
  class space    used 2612K, capacity 2679K, committed 2688K, reserved 1048576K
GC Heap History (10 events):
Event: 2.703 GC heap before
{Heap before GC invocations=1 (full 0):
 PSYoungGen      total 18944K, used 16384K [0x00000000eb300000, 0x00000000ec800000, 0x0000000100000000)
  eden space 16384K, 100% used [0x00000000eb300000,0x00000000ec300000,0x00000000ec300000)
  from space 2560K, 0% used [0x00000000ec580000,0x00000000ec580000,0x00000000ec800000)
  to   space 2560K, 0% used [0x00000000ec300000,0x00000000ec300000,0x00000000ec580000)
 ParOldGen       total 44032K, used 0K [0x00000000c1800000, 0x00000000c4300000, 0x00000000eb300000)
  object space 44032K, 0% used [0x00000000c1800000,0x00000000c1800000,0x00000000c4300000)
 Metaspace       used 8566K, capacity 8694K, committed 8704K, reserved 1056768K
  class space    used 976K, capacity 1015K, committed 1024K, reserved 1048576K
Event: 2.708 GC heap after
Heap after GC invocations=1 (full 0):
 PSYoungGen      total 18944K, used 2534K [0x00000000eb300000, 0x00000000ec800000, 0x0000000100000000)
  eden space 16384K, 0% used [0x00000000eb300000,0x00000000eb300000,0x00000000ec300000)
  from space 2560K, 99% used [0x00000000ec300000,0x00000000ec579a90,0x00000000ec580000)
  to   space 2560K, 0% used [0x00000000ec580000,0x00000000ec580000,0x00000000ec800000)
 ParOldGen       total 44032K, used 1539K [0x00000000c1800000, 0x00000000c4300000, 0x00000000eb300000)
  object space 44032K, 3% used [0x00000000c1800000,0x00000000c1980d00,0x00000000c4300000)
 Metaspace       used 8566K, capacity 8694K, committed 8704K, reserved 1056768K
  class space    used 976K, capacity 1015K, committed 1024K, reserved 1048576K
}
Event: 3.006 GC heap before
{Heap before GC invocations=2 (full 0):
 PSYoungGen      total 18944K, used 18918K [0x00000000eb300000, 0x00000000ec800000, 0x0000000100000000)
  eden space 16384K, 100% used [0x00000000eb300000,0x00000000ec300000,0x00000000ec300000)
  from space 2560K, 99% used [0x00000000ec300000,0x00000000ec579a90,0x00000000ec580000)
  to   space 2560K, 0% used [0x00000000ec580000,0x00000000ec580000,0x00000000ec800000)
 ParOldGen       total 44032K, used 1539K [0x00000000c1800000, 0x00000000c4300000, 0x00000000eb300000)
  object space 44032K, 3% used [0x00000000c1800000,0x00000000c1980d00,0x00000000c4300000)
 Metaspace       used 10797K, capacity 10966K, committed 11136K, reserved 1058816K
  class space    used 1254K, capacity 1303K, committed 1408K, reserved 1048576K
Event: 3.011 GC heap after
Heap after GC invocations=2 (full 0):
 PSYoungGen      total 18944K, used 2542K [0x00000000eb300000, 0x00000000ec800000, 0x0000000100000000)
  eden space 16384K, 0% used [0x00000000eb300000,0x00000000eb300000,0x00000000ec300000)
  from space 2560K, 99% used [0x00000000ec580000,0x00000000ec7fbb00,0x00000000ec800000)
  to   space 2560K, 0% used [0x00000000ec300000,0x00000000ec300000,0x00000000ec580000)
 ParOldGen       total 44032K, used 3203K [0x00000000c1800000, 0x00000000c4300000, 0x00000000eb300000)
  object space 44032K, 7% used [0x00000000c1800000,0x00000000c1b20fe0,0x00000000c4300000)
 Metaspace       used 10797K, capacity 10966K, committed 11136K, reserved 1058816K
  class space    used 1254K, capacity 1303K, committed 1408K, reserved 1048576K
}
Event: 3.473 GC heap before
{Heap before GC invocations=3 (full 0):
 PSYoungGen      total 18944K, used 18926K [0x00000000eb300000, 0x00000000ec800000, 0x0000000100000000)
  eden space 16384K, 100% used [0x00000000eb300000,0x00000000ec300000,0x00000000ec300000)
  from space 2560K, 99% used [0x00000000ec580000,0x00000000ec7fbb00,0x00000000ec800000)
  to   space 2560K, 0% used [0x00000000ec300000,0x00000000ec300000,0x00000000ec580000)
 ParOldGen       total 44032K, used 3203K [0x00000000c1800000, 0x00000000c4300000, 0x00000000eb300000)
  object space 44032K, 7% used [0x00000000c1800000,0x00000000c1b20fe0,0x00000000c4300000)
 Metaspace       used 12893K, capacity 13006K, committed 13056K, reserved 1060864K
  class space    used 1518K, capacity 1531K, committed 1536K, reserved 1048576K
Event: 3.481 GC heap after
Heap after GC invocations=3 (full 0):
 PSYoungGen      total 18944K, used 2540K [0x00000000eb300000, 0x00000000ed800000, 0x0000000100000000)
  eden space 16384K, 0% used [0x00000000eb300000,0x00000000eb300000,0x00000000ec300000)
  from space 2560K, 99% used [0x00000000ec300000,0x00000000ec57b0f8,0x00000000ec580000)
  to   space 2560K, 0% used [0x00000000ed580000,0x00000000ed580000,0x00000000ed800000)
 ParOldGen       total 44032K, used 7444K [0x00000000c1800000, 0x00000000c4300000, 0x00000000eb300000)
  object space 44032K, 16% used [0x00000000c1800000,0x00000000c1f45280,0x00000000c4300000)
 Metaspace       used 12893K, capacity 13006K, committed 13056K, reserved 1060864K
  class space    used 1518K, capacity 1531K, committed 1536K, reserved 1048576K
}
Event: 3.947 GC heap before
{Heap before GC invocations=4 (full 0):
 PSYoungGen      total 18944K, used 18924K [0x00000000eb300000, 0x00000000ed800000, 0x0000000100000000)
  eden space 16384K, 100% used [0x00000000eb300000,0x00000000ec300000,0x00000000ec300000)
  from space 2560K, 99% used [0x00000000ec300000,0x00000000ec57b0f8,0x00000000ec580000)
  to   space 2560K, 0% used [0x00000000ed580000,0x00000000ed580000,0x00000000ed800000)
 ParOldGen       total 44032K, used 7444K [0x00000000c1800000, 0x00000000c4300000, 0x00000000eb300000)
  object space 44032K, 16% used [0x00000000c1800000,0x00000000c1f45280,0x00000000c4300000)
 Metaspace       used 14061K, capacity 14188K, committed 14336K, reserved 1062912K
  class space    used 1683K, capacity 1728K, committed 1792K, reserved 1048576K
Event: 3.954 GC heap after
Heap after GC invocations=4 (full 0):
 PSYoungGen      total 35328K, used 2544K [0x00000000eb300000, 0x00000000ed800000, 0x0000000100000000)
  eden space 32768K, 0% used [0x00000000eb300000,0x00000000eb300000,0x00000000ed300000)
  from space 2560K, 99% used [0x00000000ed580000,0x00000000ed7fc218,0x00000000ed800000)
  to   space 2560K, 0% used [0x00000000ed300000,0x00000000ed300000,0x00000000ed580000)
 ParOldGen       total 44032K, used 11093K [0x00000000c1800000, 0x00000000c4300000, 0x00000000eb300000)
  object space 44032K, 25% used [0x00000000c1800000,0x00000000c22d5670,0x00000000c4300000)
 Metaspace       used 14061K, capacity 14188K, committed 14336K, reserved 1062912K
  class space    used 1683K, capacity 1728K, committed 1792K, reserved 1048576K
}
Event: 10.114 GC heap before
{Heap before GC invocations=5 (full 0):
 PSYoungGen      total 35328K, used 35312K [0x00000000eb300000, 0x00000000ed800000, 0x0000000100000000)
  eden space 32768K, 100% used [0x00000000eb300000,0x00000000ed300000,0x00000000ed300000)
  from space 2560K, 99% used [0x00000000ed580000,0x00000000ed7fc218,0x00000000ed800000)
  to   space 2560K, 0% used [0x00000000ed300000,0x00000000ed300000,0x00000000ed580000)
 ParOldGen       total 44032K, used 11093K [0x00000000c1800000, 0x00000000c4300000, 0x00000000eb300000)
  object space 44032K, 25% used [0x00000000c1800000,0x00000000c22d5670,0x00000000c4300000)
 Metaspace       used 20049K, capacity 20296K, committed 20608K, reserved 1067008K
  class space    used 2509K, capacity 2581K, committed 2688K, reserved 1048576K
Event: 10.123 GC heap after
Heap after GC invocations=5 (full 0):
 PSYoungGen      total 34304K, used 2539K [0x00000000eb300000, 0x00000000ee500000, 0x0000000100000000)
  eden space 31744K, 0% used [0x00000000eb300000,0x00000000eb300000,0x00000000ed200000)
  from space 2560K, 99% used [0x00000000ed300000,0x00000000ed57ae50,0x00000000ed580000)
  to   space 9728K, 0% used [0x00000000edb80000,0x00000000edb80000,0x00000000ee500000)
 ParOldGen       total 44032K, used 17799K [0x00000000c1800000, 0x00000000c4300000, 0x00000000eb300000)
  object space 44032K, 40% used [0x00000000c1800000,0x00000000c2961c08,0x00000000c4300000)
 Metaspace       used 20049K, capacity 20296K, committed 20608K, reserved 1067008K
  class space    used 2509K, capacity 2581K, committed 2688K, reserved 1048576K
}

