# JRE version: Java(TM) SE Runtime Environment (8.0_51-b16) (build 1.8.0_51-b16)
# Java VM: Java HotSpot(TM) 64-Bit Server VM (25.51-b03 mixed mode windows-amd64 compressed oops)
Heap:
 PSYoungGen      total 34304K, used 9702K [0x00000000eb300000, 0x00000000ede00000, 0x0000000100000000)
  eden space 25600K, 35% used [0x00000000eb300000,0x00000000ebbed468,0x00000000ecc00000)
  from space 8704K, 6% used [0x00000000ed580000,0x00000000ed60c3c0,0x00000000ede00000)
  to   space 9216K, 0% used [0x00000000ecc00000,0x00000000ecc00000,0x00000000ed500000)
 ParOldGen       total 42496K, used 14432K [0x00000000c1800000, 0x00000000c4180000, 0x00000000eb300000)
  object space 42496K, 33% used [0x00000000c1800000,0x00000000c2618160,0x00000000c4180000)
 Metaspace       used 22310K, capacity 22604K, committed 22960K, reserved 1069056K
  class space    used 2652K, capacity 2747K, committed 2816K, reserved 1048576K
GC Heap History (10 events):
Event: 62.124 GC heap before
{Heap before GC invocations=13 (full 1):
 PSYoungGen      total 28672K, used 28640K [0x00000000eb300000, 0x00000000ee280000, 0x0000000100000000)
  eden space 28160K, 100% used [0x00000000eb300000,0x00000000ece80000,0x00000000ece80000)
  from space 512K, 93% used [0x00000000ecf00000,0x00000000ecf781a8,0x00000000ecf80000)
  to   space 10240K, 0% used [0x00000000ed880000,0x00000000ed880000,0x00000000ee280000)
 ParOldGen       total 42496K, used 14416K [0x00000000c1800000, 0x00000000c4180000, 0x00000000eb300000)
  object space 42496K, 33% used [0x00000000c1800000,0x00000000c2614160,0x00000000c4180000)
 Metaspace       used 22046K, capacity 22316K, committed 22704K, reserved 1069056K
  class space    used 2649K, capacity 2715K, committed 2816K, reserved 1048576K
Event: 62.126 GC heap after
Heap after GC invocations=13 (full 1):
 PSYoungGen      total 37376K, used 562K [0x00000000eb300000, 0x00000000ee200000, 0x0000000100000000)
  eden space 27648K, 0% used [0x00000000eb300000,0x00000000eb300000,0x00000000ece00000)
  from space 9728K, 5% used [0x00000000ed880000,0x00000000ed90ca30,0x00000000ee200000)
  to   space 10240K, 0% used [0x00000000ece00000,0x00000000ece00000,0x00000000ed800000)
 ParOldGen       total 42496K, used 14424K [0x00000000c1800000, 0x00000000c4180000, 0x00000000eb300000)
  object space 42496K, 33% used [0x00000000c1800000,0x00000000c2616160,0x00000000c4180000)
 Metaspace       used 22046K, capacity 22316K, committed 22704K, reserved 1069056K
  class space    used 2649K, capacity 2715K, committed 2816K, reserved 1048576K
}
Event: 69.737 GC heap before
{Heap before GC invocations=14 (full 1):
 PSYoungGen      total 37376K, used 28210K [0x00000000eb300000, 0x00000000ee200000, 0x0000000100000000)
  eden space 27648K, 100% used [0x00000000eb300000,0x00000000ece00000,0x00000000ece00000)
  from space 9728K, 5% used [0x00000000ed880000,0x00000000ed90ca30,0x00000000ee200000)
  to   space 10240K, 0% used [0x00000000ece00000,0x00000000ece00000,0x00000000ed800000)
 ParOldGen       total 42496K, used 14424K [0x00000000c1800000, 0x00000000c4180000, 0x00000000eb300000)
  object space 42496K, 33% used [0x00000000c1800000,0x00000000c2616160,0x00000000c4180000)
 Metaspace       used 22089K, capacity 22380K, committed 22704K, reserved 1069056K
  class space    used 2649K, capacity 2715K, committed 2816K, reserved 1048576K
Event: 69.738 GC heap after
Heap after GC invocations=14 (full 1):
 PSYoungGen      total 28160K, used 562K [0x00000000eb300000, 0x00000000ee180000, 0x0000000100000000)
  eden space 27136K, 0% used [0x00000000eb300000,0x00000000eb300000,0x00000000ecd80000)
  from space 1024K, 54% used [0x00000000ece00000,0x00000000ece8cbc8,0x00000000ecf00000)
  to   space 10240K, 0% used [0x00000000ed780000,0x00000000ed780000,0x00000000ee180000)
 ParOldGen       total 42496K, used 14424K [0x00000000c1800000, 0x00000000c4180000, 0x00000000eb300000)
  object space 42496K, 33% used [0x00000000c1800000,0x00000000c2616160,0x00000000c4180000)
 Metaspace       used 22089K, capacity 22380K, committed 22704K, reserved 1069056K
  class space    used 2649K, capacity 2715K, committed 2816K, reserved 1048576K
}
Event: 92.605 GC heap before
{Heap before GC invocations=15 (full 1):
 PSYoungGen      total 28160K, used 27698K [0x00000000eb300000, 0x00000000ee180000, 0x0000000100000000)
  eden space 27136K, 100% used [0x00000000eb300000,0x00000000ecd80000,0x00000000ecd80000)
  from space 1024K, 54% used [0x00000000ece00000,0x00000000ece8cbc8,0x00000000ecf00000)
  to   space 10240K, 0% used [0x00000000ed780000,0x00000000ed780000,0x00000000ee180000)
 ParOldGen       total 42496K, used 14424K [0x00000000c1800000, 0x00000000c4180000, 0x00000000eb300000)
  object space 42496K, 33% used [0x00000000c1800000,0x00000000c2616160,0x00000000c4180000)
 Metaspace       used 22141K, capacity 22412K, committed 22704K, reserved 1069056K
  class space    used 2652K, capacity 2747K, committed 2816K, reserved 1048576K
Event: 92.607 GC heap after
Heap after GC invocations=15 (full 1):
 PSYoungGen      total 35328K, used 800K [0x00000000eb300000, 0x00000000ee000000, 0x0000000100000000)
  eden space 26624K, 0% used [0x00000000eb300000,0x00000000eb300000,0x00000000ecd00000)
  from space 8704K, 9% used [0x00000000ed780000,0x00000000ed8480c0,0x00000000ee000000)
  to   space 9728K, 0% used [0x00000000ecd00000,0x00000000ecd00000,0x00000000ed680000)
 ParOldGen       total 42496K, used 14424K [0x00000000c1800000, 0x00000000c4180000, 0x00000000eb300000)
  object space 42496K, 33% used [0x00000000c1800000,0x00000000c2616160,0x00000000c4180000)
 Metaspace       used 22141K, capacity 22412K, committed 22704K, reserved 1069056K
  class space    used 2652K, capacity 2747K, committed 2816K, reserved 1048576K
}
Event: 102.918 GC heap before
{Heap before GC invocations=16 (full 1):
 PSYoungGen      total 35328K, used 27424K [0x00000000eb300000, 0x00000000ee000000, 0x0000000100000000)
  eden space 26624K, 100% used [0x00000000eb300000,0x00000000ecd00000,0x00000000ecd00000)
  from space 8704K, 9% used [0x00000000ed780000,0x00000000ed8480c0,0x00000000ee000000)
  to   space 9728K, 0% used [0x00000000ecd00000,0x00000000ecd00000,0x00000000ed680000)
 ParOldGen       total 42496K, used 14424K [0x00000000c1800000, 0x00000000c4180000, 0x00000000eb300000)
  object space 42496K, 33% used [0x00000000c1800000,0x00000000c2616160,0x00000000c4180000)
 Metaspace       used 22261K, capacity 22540K, committed 22704K, reserved 1069056K
  class space    used 2652K, capacity 2747K, committed 2816K, reserved 1048576K
Event: 102.920 GC heap after
Heap after GC invocations=16 (full 1):
 PSYoungGen      total 26624K, used 484K [0x00000000eb300000, 0x00000000ede80000, 0x0000000100000000)
  eden space 26112K, 0% used [0x00000000eb300000,0x00000000eb300000,0x00000000ecc80000)
  from space 512K, 94% used [0x00000000ecd00000,0x00000000ecd79128,0x00000000ecd80000)
  to   space 9216K, 0% used [0x00000000ed580000,0x00000000ed580000,0x00000000ede80000)
 ParOldGen       total 42496K, used 14432K [0x00000000c1800000, 0x00000000c4180000, 0x00000000eb300000)
  object space 42496K, 33% used [0x00000000c1800000,0x00000000c2618160,0x00000000c4180000)
 Metaspace       used 22261K, capacity 22540K, committed 22704K, reserved 1069056K
  class space    used 2652K, capacity 2747K, committed 2816K, reserved 1048576K
}
Event: 111.181 GC heap before
{Heap before GC invocations=17 (full 1):
 PSYoungGen      total 26624K, used 26596K [0x00000000eb300000, 0x00000000ede80000, 0x0000000100000000)
  eden space 26112K, 100% used [0x00000000eb300000,0x00000000ecc80000,0x00000000ecc80000)
  from space 512K, 94% used [0x00000000ecd00000,0x00000000ecd79128,0x00000000ecd80000)
  to   space 9216K, 0% used [0x00000000ed580000,0x00000000ed580000,0x00000000ede80000)
 ParOldGen       total 42496K, used 14432K [0x00000000c1800000, 0x00000000c4180000, 0x00000000eb300000)
  object space 42496K, 33% used [0x00000000c1800000,0x00000000c2618160,0x00000000c4180000)
 Metaspace       used 22281K, capacity 22540K, committed 22704K, reserved 1069056K
  class space    used 2652K, capacity 2747K, committed 2816K, reserved 1048576K
Event: 111.183 GC heap after
Heap after GC invocations=17 (full 1):
 PSYoungGen      total 34304K, used 560K [0x00000000eb300000, 0x00000000ede00000, 0x0000000100000000)
  eden space 25600K, 0% used [0x00000000eb300000,0x00000000eb300000,0x00000000ecc00000)
  from space 8704K, 6% used [0x00000000ed580000,0x00000000ed60c3c0,0x00000000ede00000)
  to   space 9216K, 0% used [0x00000000ecc00000,0x00000000ecc00000,0x00000000ed500000)
 ParOldGen       total 42496K, used 14432K [0x00000000c1800000, 0x00000000c4180000, 0x00000000eb300000)
  object space 42496K, 33% used [0x00000000c1800000,0x00000000c2618160,0x00000000c4180000)
 Metaspace       used 22281K, capacity 22540K, committed 22704K, reserved 1069056K
  class space    used 2652K, capacity 2747K, committed 2816K, reserved 1048576K
}

